build/app/intermediates/manifest_merge_blame_file/debug/manifest-merger-blame-debug-report.txt
1<?xml version="1.0" encoding="utf-8"?>
2<manifest xmlns:android="http://schemas.android.com/apk/res/android"
3    package="com.example.notification_demo"
4    android:versionCode="1"
5    android:versionName="1.0.0" >
6
7    <uses-sdk
8        android:minSdkVersion="16"
9        android:targetSdkVersion="29" />
10    <!--
11         Flutter needs it to communicate with the running application
12         to allow setting breakpoints, to provide hot reload, etc.
13    -->
14    <uses-permission android:name="android.permission.INTERNET" />
14-->src/main/AndroidManifest.xml:3:5-67
14-->src/main/AndroidManifest.xml:3:22-64
15    <uses-permission android:name="android.permission.RECEIVE_BOOT_COMPLETED" />
15-->src/main/AndroidManifest.xml:4:5-80
15-->src/main/AndroidManifest.xml:4:22-78
16    <uses-permission android:name="android.permission.VIBRATE" />
16-->src/main/AndroidManifest.xml:5:5-66
16-->src/main/AndroidManifest.xml:5:22-63
17    <uses-permission android:name="android.permission.USE_FULL_SCREEN_INTENT" />
17-->[:flutter_local_notifications] AndroidManifest.xml:9:5-81
17-->[:flutter_local_notifications] AndroidManifest.xml:9:22-78
18    <uses-permission android:name="android.permission.ACCESS_NETWORK_STATE" />
18-->[com.google.firebase:firebase-iid:20.3.0] AndroidManifest.xml:22:5-79
18-->[com.google.firebase:firebase-iid:20.3.0] AndroidManifest.xml:22:22-76
19    <uses-permission android:name="android.permission.WAKE_LOCK" /> <!-- Required by older versions of Google Play services to create IID tokens -->
19-->[com.google.firebase:firebase-iid:20.3.0] AndroidManifest.xml:24:5-68
19-->[com.google.firebase:firebase-iid:20.3.0] AndroidManifest.xml:24:22-65
20    <uses-permission android:name="com.google.android.c2dm.permission.RECEIVE" />
20-->[com.google.firebase:firebase-iid:20.3.0] AndroidManifest.xml:26:5-82
20-->[com.google.firebase:firebase-iid:20.3.0] AndroidManifest.xml:26:22-79
21    <uses-permission android:name="com.google.android.finsky.permission.BIND_GET_INSTALL_REFERRER_SERVICE" />
21-->[com.google.android.gms:play-services-measurement:17.6.0] AndroidManifest.xml:26:5-110
21-->[com.google.android.gms:play-services-measurement:17.6.0] AndroidManifest.xml:26:22-107
22
23    <application
23-->src/main/AndroidManifest.xml:6:4-51:19
24        android:appComponentFactory="androidx.core.app.CoreComponentFactory"
24-->[androidx.core:core:1.3.0] AndroidManifest.xml:24:18-86
25        android:debuggable="true"
26        android:icon="@mipmap/ic_launcher"
26-->src/main/AndroidManifest.xml:8:9-43
27        android:label="notification_demo" >
27-->src/main/AndroidManifest.xml:7:9-42
28        <receiver android:name="com.dexterous.flutterlocalnotifications.ScheduledNotificationBootReceiver" >
28-->src/main/AndroidManifest.xml:9:1-13:12
28-->src/main/AndroidManifest.xml:9:11-99
29            <intent-filter>
29-->src/main/AndroidManifest.xml:10:5-12:21
30                <action android:name="android.intent.action.BOOT_COMPLETED" />
30-->src/main/AndroidManifest.xml:11:9-78
30-->src/main/AndroidManifest.xml:11:17-68
31            </intent-filter>
32            <intent-filter>
32-->[:flutter_local_notifications] AndroidManifest.xml:14:13-19:29
33                <action android:name="android.intent.action.BOOT_COMPLETED" />
33-->src/main/AndroidManifest.xml:11:9-78
33-->src/main/AndroidManifest.xml:11:17-68
34                <action android:name="android.intent.action.MY_PACKAGE_REPLACED" />
34-->[:flutter_local_notifications] AndroidManifest.xml:16:17-84
34-->[:flutter_local_notifications] AndroidManifest.xml:16:25-81
35                <action android:name="android.intent.action.QUICKBOOT_POWERON" />
35-->[:flutter_local_notifications] AndroidManifest.xml:17:17-82
35-->[:flutter_local_notifications] AndroidManifest.xml:17:25-79
36                <action android:name="com.htc.intent.action.QUICKBOOT_POWERON" />
36-->[:flutter_local_notifications] AndroidManifest.xml:18:17-82
36-->[:flutter_local_notifications] AndroidManifest.xml:18:25-79
37            </intent-filter>
38        </receiver>
39        <receiver android:name="com.dexterous.flutterlocalnotifications.ScheduledNotificationReceiver" />
39-->src/main/AndroidManifest.xml:14:1-98
39-->src/main/AndroidManifest.xml:14:11-95
40
41        <activity
41-->src/main/AndroidManifest.xml:15:9-45:20
42            android:name="com.example.notification_demo.MainActivity"
42-->src/main/AndroidManifest.xml:16:13-41
43            android:configChanges="orientation|keyboardHidden|keyboard|screenSize|smallestScreenSize|locale|layoutDirection|fontScale|screenLayout|density|uiMode"
43-->src/main/AndroidManifest.xml:19:13-163
44            android:hardwareAccelerated="true"
44-->src/main/AndroidManifest.xml:20:13-47
45            android:launchMode="singleTop"
45-->src/main/AndroidManifest.xml:17:13-43
46            android:theme="@style/LaunchTheme"
46-->src/main/AndroidManifest.xml:18:13-47
47            android:windowSoftInputMode="adjustResize" >
47-->src/main/AndroidManifest.xml:21:13-55
48
49            <!--
50                 Specifies an Android theme to apply to this Activity as soon as
51                 the Android process has started. This theme is visible to the user
52                 while the Flutter UI initializes. After that, this theme continues
53                 to determine the Window background behind the Flutter UI.
54            -->
55            <meta-data
55-->src/main/AndroidManifest.xml:26:13-29:17
56                android:name="io.flutter.embedding.android.NormalTheme"
56-->src/main/AndroidManifest.xml:27:15-70
57                android:resource="@style/NormalTheme" />
57-->src/main/AndroidManifest.xml:28:15-52
58            <meta-data
58-->src/main/AndroidManifest.xml:30:13-33:17
59                android:name="io.flutter.embedding.android.SplashScreenDrawable"
59-->src/main/AndroidManifest.xml:31:15-79
60                android:resource="@drawable/launch_background" />
60-->src/main/AndroidManifest.xml:32:15-61
61            <meta-data
61-->src/main/AndroidManifest.xml:34:16-36:56
62                android:name="com.google.firebase.messaging.default_notification_icon"
62-->src/main/AndroidManifest.xml:35:15-85
63                android:resource="@mipmap/ic_launcher" />
63-->src/main/AndroidManifest.xml:36:15-53
64
65            <intent-filter>
65-->src/main/AndroidManifest.xml:37:13-40:29
66                <action android:name="android.intent.action.MAIN" />
66-->src/main/AndroidManifest.xml:38:17-68
66-->src/main/AndroidManifest.xml:38:25-66
67
68                <category android:name="android.intent.category.LAUNCHER" />
68-->src/main/AndroidManifest.xml:39:17-76
68-->src/main/AndroidManifest.xml:39:27-74
69            </intent-filter>
70            <intent-filter>
70-->src/main/AndroidManifest.xml:41:13-44:19
71                <action android:name="FLUTTER_NOTIFICATION_CLICK" />
71-->src/main/AndroidManifest.xml:42:7-59
71-->src/main/AndroidManifest.xml:42:15-56
72
73                <category android:name="android.intent.category.DEFAULT" />
73-->src/main/AndroidManifest.xml:43:7-66
73-->src/main/AndroidManifest.xml:43:17-63
74            </intent-filter>
75        </activity>
76        <!--
77             Don't delete the meta-data below.
78             This is used by the Flutter tool to generate GeneratedPluginRegistrant.java
79        -->
80        <meta-data
80-->src/main/AndroidManifest.xml:48:9-50:33
81            android:name="flutterEmbedding"
81-->src/main/AndroidManifest.xml:49:13-44
82            android:value="2" />
82-->src/main/AndroidManifest.xml:50:13-30
83
84        <service android:name="io.flutter.plugins.firebasemessaging.FlutterFirebaseMessagingService" >
84-->[:firebase_messaging] AndroidManifest.xml:8:9-12:19
84-->[:firebase_messaging] AndroidManifest.xml:8:18-101
85            <intent-filter>
85-->[:firebase_messaging] AndroidManifest.xml:9:13-11:29
86                <action android:name="com.google.firebase.MESSAGING_EVENT" />
86-->[:firebase_messaging] AndroidManifest.xml:10:17-78
86-->[:firebase_messaging] AndroidManifest.xml:10:25-75
87            </intent-filter>
88        </service>
89        <service
89-->[:firebase_messaging] AndroidManifest.xml:13:9-17:19
90            android:name="com.google.firebase.components.ComponentDiscoveryService"
90-->[:firebase_messaging] AndroidManifest.xml:13:18-89
91            android:directBootAware="true"
91-->[com.google.firebase:firebase-common:19.3.0] AndroidManifest.xml:34:13-43
92            android:exported="false" >
92-->[com.google.firebase:firebase-messaging:20.3.0] AndroidManifest.xml:38:13-37
93            <meta-data
93-->[:firebase_messaging] AndroidManifest.xml:14:13-16:85
94                android:name="com.google.firebase.components:io.flutter.plugins.firebasemessaging.FlutterFirebaseAppRegistrar"
94-->[:firebase_messaging] AndroidManifest.xml:15:17-127
95                android:value="com.google.firebase.components.ComponentRegistrar" />
95-->[:firebase_messaging] AndroidManifest.xml:16:17-82
96            <meta-data
96-->[:firebase_core] AndroidManifest.xml:9:13-11:85
97                android:name="com.google.firebase.components:io.flutter.plugins.firebase.core.FlutterFirebaseCoreRegistrar"
97-->[:firebase_core] AndroidManifest.xml:10:17-124
98                android:value="com.google.firebase.components.ComponentRegistrar" />
98-->[:firebase_core] AndroidManifest.xml:11:17-82
99            <meta-data
99-->[com.google.firebase:firebase-messaging:20.3.0] AndroidManifest.xml:39:13-41:85
100                android:name="com.google.firebase.components:com.google.firebase.messaging.FirebaseMessagingRegistrar"
100-->[com.google.firebase:firebase-messaging:20.3.0] AndroidManifest.xml:40:17-119
101                android:value="com.google.firebase.components.ComponentRegistrar" />
101-->[com.google.firebase:firebase-messaging:20.3.0] AndroidManifest.xml:41:17-82
102            <meta-data
102-->[com.google.firebase:firebase-iid:20.3.0] AndroidManifest.xml:32:13-34:85
103                android:name="com.google.firebase.components:com.google.firebase.iid.Registrar"
103-->[com.google.firebase:firebase-iid:20.3.0] AndroidManifest.xml:33:17-96
104                android:value="com.google.firebase.components.ComponentRegistrar" />
104-->[com.google.firebase:firebase-iid:20.3.0] AndroidManifest.xml:34:17-82
105            <meta-data
105-->[com.google.android.gms:play-services-measurement-api:17.6.0] AndroidManifest.xml:30:13-32:85
106                android:name="com.google.firebase.components:com.google.firebase.analytics.connector.internal.AnalyticsConnectorRegistrar"
106-->[com.google.android.gms:play-services-measurement-api:17.6.0] AndroidManifest.xml:31:17-139
107                android:value="com.google.firebase.components.ComponentRegistrar" />
107-->[com.google.android.gms:play-services-measurement-api:17.6.0] AndroidManifest.xml:32:17-82
108            <meta-data
108-->[com.google.firebase:firebase-datatransport:17.0.3] AndroidManifest.xml:28:13-30:85
109                android:name="com.google.firebase.components:com.google.firebase.datatransport.TransportRegistrar"
109-->[com.google.firebase:firebase-datatransport:17.0.3] AndroidManifest.xml:29:17-115
110                android:value="com.google.firebase.components.ComponentRegistrar" />
110-->[com.google.firebase:firebase-datatransport:17.0.3] AndroidManifest.xml:30:17-82
111            <meta-data
111-->[com.google.firebase:firebase-installations:16.3.3] AndroidManifest.xml:17:13-19:85
112                android:name="com.google.firebase.components:com.google.firebase.installations.FirebaseInstallationsRegistrar"
112-->[com.google.firebase:firebase-installations:16.3.3] AndroidManifest.xml:18:17-127
113                android:value="com.google.firebase.components.ComponentRegistrar" />
113-->[com.google.firebase:firebase-installations:16.3.3] AndroidManifest.xml:19:17-82
114        </service>
115        <!--
116             FirebaseMessagingService performs security checks at runtime,
117             but set to not exported to explicitly avoid allowing another app to call it.
118        -->
119        <service
119-->[com.google.firebase:firebase-messaging:20.3.0] AndroidManifest.xml:28:9-35:19
120            android:name="com.google.firebase.messaging.FirebaseMessagingService"
120-->[com.google.firebase:firebase-messaging:20.3.0] AndroidManifest.xml:29:13-82
121            android:directBootAware="true"
121-->[com.google.firebase:firebase-messaging:20.3.0] AndroidManifest.xml:30:13-43
122            android:exported="false" >
122-->[com.google.firebase:firebase-messaging:20.3.0] AndroidManifest.xml:31:13-37
123            <intent-filter android:priority="-500" >
123-->[:firebase_messaging] AndroidManifest.xml:9:13-11:29
124                <action android:name="com.google.firebase.MESSAGING_EVENT" />
124-->[:firebase_messaging] AndroidManifest.xml:10:17-78
124-->[:firebase_messaging] AndroidManifest.xml:10:25-75
125            </intent-filter>
126        </service>
127
128        <receiver
128-->[com.google.firebase:firebase-iid:20.3.0] AndroidManifest.xml:37:9-44:20
129            android:name="com.google.firebase.iid.FirebaseInstanceIdReceiver"
129-->[com.google.firebase:firebase-iid:20.3.0] AndroidManifest.xml:38:13-78
130            android:exported="true"
130-->[com.google.firebase:firebase-iid:20.3.0] AndroidManifest.xml:39:13-36
131            android:permission="com.google.android.c2dm.permission.SEND" >
131-->[com.google.firebase:firebase-iid:20.3.0] AndroidManifest.xml:40:13-73
132            <intent-filter>
132-->[com.google.firebase:firebase-iid:20.3.0] AndroidManifest.xml:41:13-43:29
133                <action android:name="com.google.android.c2dm.intent.RECEIVE" />
133-->[com.google.firebase:firebase-iid:20.3.0] AndroidManifest.xml:42:17-81
133-->[com.google.firebase:firebase-iid:20.3.0] AndroidManifest.xml:42:25-78
134            </intent-filter>
135        </receiver>
136        <receiver
136-->[com.google.android.gms:play-services-measurement:17.6.0] AndroidManifest.xml:29:9-33:20
137            android:name="com.google.android.gms.measurement.AppMeasurementReceiver"
137-->[com.google.android.gms:play-services-measurement:17.6.0] AndroidManifest.xml:30:13-85
138            android:enabled="true"
138-->[com.google.android.gms:play-services-measurement:17.6.0] AndroidManifest.xml:31:13-35
139            android:exported="false" >
139-->[com.google.android.gms:play-services-measurement:17.6.0] AndroidManifest.xml:32:13-37
140        </receiver>
141
142        <service
142-->[com.google.android.gms:play-services-measurement:17.6.0] AndroidManifest.xml:35:9-38:40
143            android:name="com.google.android.gms.measurement.AppMeasurementService"
143-->[com.google.android.gms:play-services-measurement:17.6.0] AndroidManifest.xml:36:13-84
144            android:enabled="true"
144-->[com.google.android.gms:play-services-measurement:17.6.0] AndroidManifest.xml:37:13-35
145            android:exported="false" />
145-->[com.google.android.gms:play-services-measurement:17.6.0] AndroidManifest.xml:38:13-37
146        <service
146-->[com.google.android.gms:play-services-measurement:17.6.0] AndroidManifest.xml:39:9-43:72
147            android:name="com.google.android.gms.measurement.AppMeasurementJobService"
147-->[com.google.android.gms:play-services-measurement:17.6.0] AndroidManifest.xml:40:13-87
148            android:enabled="true"
148-->[com.google.android.gms:play-services-measurement:17.6.0] AndroidManifest.xml:41:13-35
149            android:exported="false"
149-->[com.google.android.gms:play-services-measurement:17.6.0] AndroidManifest.xml:42:13-37
150            android:permission="android.permission.BIND_JOB_SERVICE" />
150-->[com.google.android.gms:play-services-measurement:17.6.0] AndroidManifest.xml:43:13-69
151
152        <provider
152-->[com.google.firebase:firebase-common:19.3.0] AndroidManifest.xml:26:9-30:39
153            android:name="com.google.firebase.provider.FirebaseInitProvider"
153-->[com.google.firebase:firebase-common:19.3.0] AndroidManifest.xml:27:13-77
154            android:authorities="com.example.notification_demo.firebaseinitprovider"
154-->[com.google.firebase:firebase-common:19.3.0] AndroidManifest.xml:28:13-72
155            android:exported="false"
155-->[com.google.firebase:firebase-common:19.3.0] AndroidManifest.xml:29:13-37
156            android:initOrder="100" />
156-->[com.google.firebase:firebase-common:19.3.0] AndroidManifest.xml:30:13-36
157
158        <activity
158-->[com.google.android.gms:play-services-base:17.0.0] AndroidManifest.xml:23:9-26:75
159            android:name="com.google.android.gms.common.api.GoogleApiActivity"
159-->[com.google.android.gms:play-services-base:17.0.0] AndroidManifest.xml:24:13-79
160            android:exported="false"
160-->[com.google.android.gms:play-services-base:17.0.0] AndroidManifest.xml:25:13-37
161            android:theme="@android:style/Theme.Translucent.NoTitleBar" />
161-->[com.google.android.gms:play-services-base:17.0.0] AndroidManifest.xml:26:13-72
162
163        <meta-data
163-->[com.google.android.gms:play-services-basement:17.0.0] AndroidManifest.xml:23:9-25:69
164            android:name="com.google.android.gms.version"
164-->[com.google.android.gms:play-services-basement:17.0.0] AndroidManifest.xml:24:13-58
165            android:value="@integer/google_play_services_version" />
165-->[com.google.android.gms:play-services-basement:17.0.0] AndroidManifest.xml:25:13-66
166
167        <service
167-->[com.google.android.datatransport:transport-backend-cct:2.2.0] AndroidManifest.xml:29:9-35:19
168            android:name="com.google.android.datatransport.runtime.backends.TransportBackendDiscovery"
168-->[com.google.android.datatransport:transport-backend-cct:2.2.0] AndroidManifest.xml:30:13-103
169            android:exported="false" >
169-->[com.google.android.datatransport:transport-backend-cct:2.2.0] AndroidManifest.xml:31:13-37
170            <meta-data
170-->[com.google.android.datatransport:transport-backend-cct:2.2.0] AndroidManifest.xml:32:13-34:39
171                android:name="backend:com.google.android.datatransport.cct.CctBackendFactory"
171-->[com.google.android.datatransport:transport-backend-cct:2.2.0] AndroidManifest.xml:33:17-94
172                android:value="cct" />
172-->[com.google.android.datatransport:transport-backend-cct:2.2.0] AndroidManifest.xml:34:17-36
173        </service>
174        <service
174-->[com.google.android.datatransport:transport-runtime:2.2.0] AndroidManifest.xml:26:9-30:19
175            android:name="com.google.android.datatransport.runtime.scheduling.jobscheduling.JobInfoSchedulerService"
175-->[com.google.android.datatransport:transport-runtime:2.2.0] AndroidManifest.xml:27:13-117
176            android:exported="false"
176-->[com.google.android.datatransport:transport-runtime:2.2.0] AndroidManifest.xml:28:13-37
177            android:permission="android.permission.BIND_JOB_SERVICE" >
177-->[com.google.android.datatransport:transport-runtime:2.2.0] AndroidManifest.xml:29:13-69
178        </service>
179
180        <receiver
180-->[com.google.android.datatransport:transport-runtime:2.2.0] AndroidManifest.xml:32:9-34:40
181            android:name="com.google.android.datatransport.runtime.scheduling.jobscheduling.AlarmManagerSchedulerBroadcastReceiver"
181-->[com.google.android.datatransport:transport-runtime:2.2.0] AndroidManifest.xml:33:13-132
182            android:exported="false" />
182-->[com.google.android.datatransport:transport-runtime:2.2.0] AndroidManifest.xml:34:13-37
183    </application>
184
185</manifest>